<?xml version="1.0" encoding="UTF-8" ?>
<testsuites disabled="0" errors="0" failures="0" tests="3" time="15.844">
 <testsuite name="Testing landing page buttons" timestamp="2020-01-31T12:04:13" hostname="localhost" time="15.844" errors="0" tests="3" skipped="0" disabled="0" failures="0">
  <testcase classname="Testing landing page buttons" name="testing login button" time="13.811" />
  <testcase classname="Testing landing page buttons" name="testing sign up button" time="1.151" />
  <testcase classname="Testing landing page buttons" name="verify logo click" time="0.879" />
 </testsuite>
</testsuites>