<?xml version="1.0" encoding="UTF-8" ?>
<testsuites disabled="0" errors="0" failures="0" tests="3" time="10.198">
 <testsuite name="Testing landing page buttons" timestamp="2020-01-30T18:54:54" hostname="localhost" time="10.198" errors="0" tests="3" skipped="0" disabled="0" failures="0">
  <testcase classname="Testing landing page buttons" name="testing login button" time="9.255" />
  <testcase classname="Testing landing page buttons" name="testing sign up button" time="0.576" />
  <testcase classname="Testing landing page buttons" name="verify logo click" time="0.365" />
 </testsuite>
</testsuites>